#
# There is insufficient memory for the Java Runtime Environment to continue.
# Cannot create GC thread. Out of system resources.
# Possible reasons:
#   The system is out of physical RAM or swap space
#   In 32 bit mode, the process size limit was hit
# Possible solutions:
#   Reduce memory load on the system
#   Increase physical memory or swap space
#   Check if swap backing store is full
#   Use 64 bit Java on a 64 bit OS
#   Decrease Java heap size (-Xmx/-Xms)
#   Decrease number of Java threads
#   Decrease Java thread stack sizes (-Xss)
#   Set larger code cache with -XX:ReservedCodeCacheSize=
# This output file may be truncated or incomplete.
#
#  Out of Memory Error (gcTaskThread.cpp:48), pid=11740, tid=3060845376
#
# JRE version:  (8.0_51-b16) (build )
# Java VM: Java HotSpot(TM) Server VM (25.51-b03 mixed mode linux-x86 )
# Failed to write core dump. Core dumps have been disabled. To enable core dumping, try "ulimit -c unlimited" before starting Java again
#

---------------  T H R E A D  ---------------

Current thread (0xb6507400):  JavaThread "Unknown thread" [_thread_in_vm, id=11744, stack(0xb66bc000,0xb670d000)]

Stack: [0xb66bc000,0xb670d000],  sp=0xb670bc80,  free space=319k
Native frames: (J=compiled Java code, j=interpreted, Vv=VM code, C=native code)
V  [libjvm.so+0x8c220f]  VMError::report_and_die()+0x16f
V  [libjvm.so+0x3864c5]  report_vm_out_of_memory(char const*, int, unsigned int, VMErrorType, char const*)+0x55
V  [libjvm.so+0x4588f3]  GCTaskThread::GCTaskThread(GCTaskManager*, unsigned int, unsigned int)+0x123
V  [libjvm.so+0x45733c]  GCTaskManager::initialize()+0x32c
V  [libjvm.so+0x7679b4]  ParallelScavengeHeap::initialize()+0x2d4
V  [libjvm.so+0x88d79d]  Universe::initialize_heap()+0xcd
V  [libjvm.so+0x88dad3]  universe_init()+0x23
V  [libjvm.so+0x4b90e5]  init_globals()+0x55
V  [libjvm.so+0x872f9b]  Threads::create_vm(JavaVMInitArgs*, bool*)+0x24b
V  [libjvm.so+0x5333ac]  JNI_CreateJavaVM+0x5c
C  [libjli.so+0x6e28]  JavaMain+0x98
C  [libpthread.so.0+0x6f16]  start_thread+0xd6
C  [libc.so.6+0xeb11e]  clone+0x5e


---------------  P R O C E S S  ---------------

Java Threads: ( => current thread )

Other Threads:

=>0xb6507400 (exited) JavaThread "Unknown thread" [_thread_in_vm, id=11744, stack(0xb66bc000,0xb670d000)]

VM state:not at safepoint (not fully initialized)

VM Mutex/Monitor currently owned by a thread: None

GC Heap History (0 events):
No events

Deoptimization events (0 events):
No events

Internal exceptions (0 events):
No events

Events (0 events):
No events


Dynamic libraries:
08048000-08049000 r-xp 00000000 08:02 85143      /usr/lib/jvm/java-8-oracle/bin/java
08049000-0804a000 rw-p 00000000 08:02 85143      /usr/lib/jvm/java-8-oracle/bin/java
09e22000-09e43000 rw-p 00000000 00:00 0          [heap]
68f66000-69100000 rw-p 00000000 00:00 0 
69100000-69121000 rw-p 00000000 00:00 0 
69121000-69200000 ---p 00000000 00:00 0 
6924a000-69300000 rw-p 00000000 00:00 0 
69300000-69321000 rw-p 00000000 00:00 0 
69321000-69400000 ---p 00000000 00:00 0 
6944a000-6944b000 ---p 00000000 00:00 0 
6944b000-694e0000 rw-p 00000000 00:00 0 
694e0000-69613000 ---p 00000000 00:00 0 
69613000-69628000 rw-p 00000000 00:00 0 
69628000-6975b000 ---p 00000000 00:00 0 
6975b000-69766000 rw-p 00000000 00:00 0 
69766000-697ff000 ---p 00000000 00:00 0 
697ff000-6c180000 rw-p 00000000 00:00 0 
6c180000-92800000 ---p 00000000 00:00 0 
92800000-93c80000 rw-p 00000000 00:00 0 
93c80000-a7000000 ---p 00000000 00:00 0 
a703e000-a703f000 ---p 00000000 00:00 0 
a703f000-a70bf000 rw-p 00000000 00:00 0          [stack:11747]
a70bf000-a70c0000 ---p 00000000 00:00 0 
a70c0000-a7149000 rw-p 00000000 00:00 0          [stack:11746]
a7149000-a7500000 ---p 00000000 00:00 0 
a7500000-a7740000 rwxp 00000000 00:00 0 
a7740000-b6500000 ---p 00000000 00:00 0 
b6500000-b6527000 rw-p 00000000 00:00 0 
b6527000-b6600000 ---p 00000000 00:00 0 
b663d000-b6648000 r-xp 00000000 08:02 38053      /lib/i386-linux-gnu/libnss_files-2.19.so
b6648000-b6649000 r--p 0000a000 08:02 38053      /lib/i386-linux-gnu/libnss_files-2.19.so
b6649000-b664a000 rw-p 0000b000 08:02 38053      /lib/i386-linux-gnu/libnss_files-2.19.so
b664a000-b6654000 r-xp 00000000 08:02 38048      /lib/i386-linux-gnu/libnss_nis-2.19.so
b6654000-b6655000 r--p 00009000 08:02 38048      /lib/i386-linux-gnu/libnss_nis-2.19.so
b6655000-b6656000 rw-p 0000a000 08:02 38048      /lib/i386-linux-gnu/libnss_nis-2.19.so
b6656000-b666b000 r-xp 00000000 08:02 37880      /lib/i386-linux-gnu/libnsl-2.19.so
b666b000-b666c000 r--p 00015000 08:02 37880      /lib/i386-linux-gnu/libnsl-2.19.so
b666c000-b666d000 rw-p 00016000 08:02 37880      /lib/i386-linux-gnu/libnsl-2.19.so
b666d000-b666f000 rw-p 00000000 00:00 0 
b6671000-b6674000 rw-p 00000000 00:00 0 
b6674000-b668d000 r-xp 00000000 08:02 85539      /usr/lib/jvm/java-8-oracle/jre/lib/i386/libzip.so
b668d000-b668e000 rw-p 00018000 08:02 85539      /usr/lib/jvm/java-8-oracle/jre/lib/i386/libzip.so
b668e000-b66b2000 r-xp 00000000 08:02 85511      /usr/lib/jvm/java-8-oracle/jre/lib/i386/libjava.so
b66b2000-b66b3000 rw-p 00023000 08:02 85511      /usr/lib/jvm/java-8-oracle/jre/lib/i386/libjava.so
b66b3000-b66ba000 r-xp 00000000 08:02 38046      /lib/i386-linux-gnu/librt-2.19.so
b66ba000-b66bb000 r--p 00006000 08:02 38046      /lib/i386-linux-gnu/librt-2.19.so
b66bb000-b66bc000 rw-p 00007000 08:02 38046      /lib/i386-linux-gnu/librt-2.19.so
b66bc000-b66bf000 ---p 00000000 00:00 0 
b66bf000-b670d000 rw-p 00000000 00:00 0          [stack:11744]
b670d000-b6751000 r-xp 00000000 08:02 38047      /lib/i386-linux-gnu/libm-2.19.so
b6751000-b6752000 r--p 00043000 08:02 38047      /lib/i386-linux-gnu/libm-2.19.so
b6752000-b6753000 rw-p 00044000 08:02 38047      /lib/i386-linux-gnu/libm-2.19.so
b6753000-b70c6000 r-xp 00000000 08:02 85574      /usr/lib/jvm/java-8-oracle/jre/lib/i386/server/libjvm.so
b70c6000-b7132000 rw-p 00973000 08:02 85574      /usr/lib/jvm/java-8-oracle/jre/lib/i386/server/libjvm.so
b7132000-b7558000 rw-p 00000000 00:00 0 
b7558000-b76ff000 r-xp 00000000 08:02 38058      /lib/i386-linux-gnu/libc-2.19.so
b76ff000-b7701000 r--p 001a7000 08:02 38058      /lib/i386-linux-gnu/libc-2.19.so
b7701000-b7702000 rw-p 001a9000 08:02 38058      /lib/i386-linux-gnu/libc-2.19.so
b7702000-b7705000 rw-p 00000000 00:00 0 
b7705000-b7708000 r-xp 00000000 08:02 38057      /lib/i386-linux-gnu/libdl-2.19.so
b7708000-b7709000 r--p 00002000 08:02 38057      /lib/i386-linux-gnu/libdl-2.19.so
b7709000-b770a000 rw-p 00003000 08:02 38057      /lib/i386-linux-gnu/libdl-2.19.so
b770a000-b771e000 r-xp 00000000 08:02 86861      /usr/lib/jvm/java-8-oracle/lib/i386/jli/libjli.so
b771e000-b771f000 rw-p 00014000 08:02 86861      /usr/lib/jvm/java-8-oracle/lib/i386/jli/libjli.so
b771f000-b7720000 rw-p 00000000 00:00 0 
b7720000-b7738000 r-xp 00000000 08:02 38045      /lib/i386-linux-gnu/libpthread-2.19.so
b7738000-b773a000 r--p 00017000 08:02 38045      /lib/i386-linux-gnu/libpthread-2.19.so
b773a000-b773b000 rw-p 00019000 08:02 38045      /lib/i386-linux-gnu/libpthread-2.19.so
b773b000-b773d000 rw-p 00000000 00:00 0 
b773d000-b7745000 rw-s 00000000 08:02 5111822    /tmp/hsperfdata_alumno/11740
b7745000-b774c000 r-xp 00000000 08:02 38044      /lib/i386-linux-gnu/libnss_compat-2.19.so
b774c000-b774d000 r--p 00006000 08:02 38044      /lib/i386-linux-gnu/libnss_compat-2.19.so
b774d000-b774e000 rw-p 00007000 08:02 38044      /lib/i386-linux-gnu/libnss_compat-2.19.so
b774e000-b774f000 rw-p 00000000 00:00 0 
b774f000-b7750000 r--p 00000000 00:00 0 
b7750000-b775b000 r-xp 00000000 08:02 85572      /usr/lib/jvm/java-8-oracle/jre/lib/i386/libverify.so
b775b000-b775c000 rw-p 0000b000 08:02 85572      /usr/lib/jvm/java-8-oracle/jre/lib/i386/libverify.so
b775c000-b775e000 rw-p 00000000 00:00 0 
b775e000-b775f000 r-xp 00000000 00:00 0          [vdso]
b775f000-b7761000 r--p 00000000 00:00 0          [vvar]
b7761000-b7781000 r-xp 00000000 08:02 38050      /lib/i386-linux-gnu/ld-2.19.so
b7781000-b7782000 r--p 0001f000 08:02 38050      /lib/i386-linux-gnu/ld-2.19.so
b7782000-b7783000 rw-p 00020000 08:02 38050      /lib/i386-linux-gnu/ld-2.19.so
bf90a000-bf90b000 rwxp 00000000 00:00 0 
bf93d000-bf95e000 rw-p 00000000 00:00 0          [stack]

VM Arguments:
jvm_args: -Dfile.encoding=UTF-8 
java_command: ejercicioquiniela.EjercicioQuiniela
java_class_path (initial): /home/alumno/Escritorio/Ejercicio/ejercicioquiniela/build/classes
Launcher Type: SUN_STANDARD

Environment Variables:
JAVA_HOME=/usr/lib/jvm/java-8-oracle
PATH=/usr/local/sbin:/usr/local/bin:/usr/sbin:/usr/bin:/sbin:/bin:/usr/games:/usr/local/games:/cwp/bin:/usr/lib/jvm/java-8-oracle/bin:/usr/lib/jvm/java-8-oracle/db/bin:/usr/lib/jvm/java-8-oracle/jre/bin
LD_LIBRARY_PATH=/usr/lib/jvm/java-8-oracle/jre/lib/amd64:/usr/lib/jvm/java-8-oracle/jre/lib/i386:
SHELL=/bin/bash
DISPLAY=:0

Signal Handlers:
SIGSEGV: [libjvm.so+0x8c2ce0], sa_mask[0]=11111111011111111101111111111110, sa_flags=SA_RESTART|SA_SIGINFO
SIGBUS: [libjvm.so+0x8c2ce0], sa_mask[0]=11111111011111111101111111111110, sa_flags=SA_RESTART|SA_SIGINFO
SIGFPE: [libjvm.so+0x7434f0], sa_mask[0]=11111111011111111101111111111110, sa_flags=SA_RESTART|SA_SIGINFO
SIGPIPE: [libjvm.so+0x7434f0], sa_mask[0]=11111111011111111101111111111110, sa_flags=SA_RESTART|SA_SIGINFO
SIGXFSZ: [libjvm.so+0x7434f0], sa_mask[0]=11111111011111111101111111111110, sa_flags=SA_RESTART|SA_SIGINFO
SIGILL: [libjvm.so+0x7434f0], sa_mask[0]=11111111011111111101111111111110, sa_flags=SA_RESTART|SA_SIGINFO
SIGUSR1: SIG_DFL, sa_mask[0]=00000000000000000000000000000000, sa_flags=none
SIGUSR2: [libjvm.so+0x744a80], sa_mask[0]=00100000000000000000000000000000, sa_flags=SA_RESTART|SA_SIGINFO
SIGHUP: SIG_DFL, sa_mask[0]=00000000000000000000000000000000, sa_flags=none
SIGINT: SIG_IGN, sa_mask[0]=00000000000000000000000000000000, sa_flags=none
SIGTERM: SIG_DFL, sa_mask[0]=00000000000000000000000000000000, sa_flags=none
SIGQUIT: SIG_DFL, sa_mask[0]=00000000000000000000000000000000, sa_flags=none


---------------  S Y S T E M  ---------------

OS:DISTRIB_ID=Ubuntu
DISTRIB_RELEASE=14.10
DISTRIB_CODENAME=utopic
DISTRIB_DESCRIPTION="Ubuntu 14.10"

uname:Linux 3.16.0-44-generic #59-Ubuntu SMP Tue Jul 7 02:14:37 UTC 2015 i686
libc:glibc 2.19 NPTL 2.19 
rlimit: STACK 8192k, CORE 0k, NPROC 300, NOFILE 4096, AS infinity
load average:0.13 0.19 0.22

/proc/meminfo:
MemTotal:        4029516 kB
MemFree:          937872 kB
MemAvailable:    2538728 kB
Buffers:          617264 kB
Cached:          1469504 kB
SwapCached:            0 kB
Active:          1675728 kB
Inactive:        1242044 kB
Active(anon):     828392 kB
Inactive(anon):   356176 kB
Active(file):     847336 kB
Inactive(file):   885868 kB
Unevictable:          32 kB
Mlocked:              32 kB
HighTotal:       3172784 kB
HighFree:         869180 kB
LowTotal:         856732 kB
LowFree:           68692 kB
SwapTotal:       5116664 kB
SwapFree:        5116664 kB
Dirty:                76 kB
Writeback:             0 kB
AnonPages:        830804 kB
Mapped:           242016 kB
Shmem:            353564 kB
Slab:             128676 kB
SReclaimable:     108084 kB
SUnreclaim:        20592 kB
KernelStack:        3680 kB
PageTables:         9500 kB
NFS_Unstable:          0 kB
Bounce:                0 kB
WritebackTmp:          0 kB
CommitLimit:     7131420 kB
Committed_AS:    3960768 kB
VmallocTotal:     122880 kB
VmallocUsed:       17752 kB
VmallocChunk:     101132 kB
AnonHugePages:    339968 kB
HugePages_Total:       0
HugePages_Free:        0
HugePages_Rsvd:        0
HugePages_Surp:        0
Hugepagesize:       2048 kB
DirectMap4k:       30712 kB
DirectMap2M:      876544 kB


CPU:total 4 (2 cores per cpu, 2 threads per core) family 6 model 42 stepping 7, cmov, cx8, fxsr, mmx, sse, sse2, sse3, ssse3, sse4.1, sse4.2, popcnt, avx, clmul, ht, tsc, tscinvbit

/proc/cpuinfo:
processor	: 0
vendor_id	: GenuineIntel
cpu family	: 6
model		: 42
model name	: Intel(R) Core(TM) i3-2100 CPU @ 3.10GHz
stepping	: 7
microcode	: 0x17
cpu MHz		: 3100.000
cache size	: 3072 KB
physical id	: 0
siblings	: 4
core id		: 0
cpu cores	: 2
apicid		: 0
initial apicid	: 0
fdiv_bug	: no
f00f_bug	: no
coma_bug	: no
fpu		: yes
fpu_exception	: yes
cpuid level	: 13
wp		: yes
flags		: fpu vme de pse tsc msr pae mce cx8 apic sep mtrr pge mca cmov pat pse36 clflush dts acpi mmx fxsr sse sse2 ss ht tm pbe nx rdtscp lm constant_tsc arch_perfmon pebs bts xtopology nonstop_tsc aperfmperf eagerfpu pni pclmulqdq dtes64 monitor ds_cpl vmx est tm2 ssse3 cx16 xtpr pdcm pcid sse4_1 sse4_2 popcnt tsc_deadline_timer xsave avx lahf_lm arat epb xsaveopt pln pts dtherm tpr_shadow vnmi flexpriority ept vpid
bogomips	: 6185.61
clflush size	: 64
cache_alignment	: 64
address sizes	: 36 bits physical, 48 bits virtual
power management:

processor	: 1
vendor_id	: GenuineIntel
cpu family	: 6
model		: 42
model name	: Intel(R) Core(TM) i3-2100 CPU @ 3.10GHz
stepping	: 7
microcode	: 0x17
cpu MHz		: 3100.000
cache size	: 3072 KB
physical id	: 0
siblings	: 4
core id		: 1
cpu cores	: 2
apicid		: 2
initial apicid	: 2
fdiv_bug	: no
f00f_bug	: no
coma_bug	: no
fpu		: yes
fpu_exception	: yes
cpuid level	: 13
wp		: yes
flags		: fpu vme de pse tsc msr pae mce cx8 apic sep mtrr pge mca cmov pat pse36 clflush dts acpi mmx fxsr sse sse2 ss ht tm pbe nx rdtscp lm constant_tsc arch_perfmon pebs bts xtopology nonstop_tsc aperfmperf eagerfpu pni pclmulqdq dtes64 monitor ds_cpl vmx est tm2 ssse3 cx16 xtpr pdcm pcid sse4_1 sse4_2 popcnt tsc_deadline_timer xsave avx lahf_lm arat epb xsaveopt pln pts dtherm tpr_shadow vnmi flexpriority ept vpid
bogomips	: 6185.61
clflush size	: 64
cache_alignment	: 64
address sizes	: 36 bits physical, 48 bits virtual
power management:

processor	: 2
vendor_id	: GenuineIntel
cpu family	: 6
model		: 42
model name	: Intel(R) Core(TM) i3-2100 CPU @ 3.10GHz
stepping	: 7
microcode	: 0x17
cpu MHz		: 3100.000
cache size	: 3072 KB
physical id	: 0
siblings	: 4
core id		: 0
cpu cores	: 2
apicid		: 1
initial apicid	: 1
fdiv_bug	: no
f00f_bug	: no
coma_bug	: no
fpu		: yes
fpu_exception	: yes
cpuid level	: 13
wp		: yes
flags		: fpu vme de pse tsc msr pae mce cx8 apic sep mtrr pge mca cmov pat pse36 clflush dts acpi mmx fxsr sse sse2 ss ht tm pbe nx rdtscp lm constant_tsc arch_perfmon pebs bts xtopology nonstop_tsc aperfmperf eagerfpu pni pclmulqdq dtes64 monitor ds_cpl vmx est tm2 ssse3 cx16 xtpr pdcm pcid sse4_1 sse4_2 popcnt tsc_deadline_timer xsave avx lahf_lm arat epb xsaveopt pln pts dtherm tpr_shadow vnmi flexpriority ept vpid
bogomips	: 6185.61
clflush size	: 64
cache_alignment	: 64
address sizes	: 36 bits physical, 48 bits virtual
power management:

processor	: 3
vendor_id	: GenuineIntel
cpu family	: 6
model		: 42
model name	: Intel(R) Core(TM) i3-2100 CPU @ 3.10GHz
stepping	: 7
microcode	: 0x17
cpu MHz		: 3100.000
cache size	: 3072 KB
physical id	: 0
siblings	: 4
core id		: 1
cpu cores	: 2
apicid		: 3
initial apicid	: 3
fdiv_bug	: no
f00f_bug	: no
coma_bug	: no
fpu		: yes
fpu_exception	: yes
cpuid level	: 13
wp		: yes
flags		: fpu vme de pse tsc msr pae mce cx8 apic sep mtrr pge mca cmov pat pse36 clflush dts acpi mmx fxsr sse sse2 ss ht tm pbe nx rdtscp lm constant_tsc arch_perfmon pebs bts xtopology nonstop_tsc aperfmperf eagerfpu pni pclmulqdq dtes64 monitor ds_cpl vmx est tm2 ssse3 cx16 xtpr pdcm pcid sse4_1 sse4_2 popcnt tsc_deadline_timer xsave avx lahf_lm arat epb xsaveopt pln pts dtherm tpr_shadow vnmi flexpriority ept vpid
bogomips	: 6185.61
clflush size	: 64
cache_alignment	: 64
address sizes	: 36 bits physical, 48 bits virtual
power management:



Memory: 4k page, physical 4029516k(937624k free), swap 5116664k(5116664k free)

vm_info: Java HotSpot(TM) Server VM (25.51-b03) for linux-x86 JRE (1.8.0_51-b16), built on Jun  8 2015 18:05:11 by "java_re" with gcc 4.3.0 20080428 (Red Hat 4.3.0-8)

time: Thu Oct 15 10:27:18 2015
elapsed time: 0 seconds (0d 0h 0m 0s)

